<?xml version="1.0" encoding="UTF-8"?>
<testsuite name="test.ManagerDaoTest" tests="2" skipped="0" failures="0" errors="0" timestamp="2021-05-17T00:43:51" hostname="MAESTRO" time="0.013">
  <properties/>
  <testcase name="shouldFindManagerByUsernameOnly()" classname="test.ManagerDaoTest" time="0.005"/>
  <testcase name="shouldFindManager()" classname="test.ManagerDaoTest" time="0.006"/>
  <system-out><![CDATA[]]></system-out>
  <system-err><![CDATA[]]></system-err>
</testsuite>
