<?xml version="1.0" encoding="UTF-8"?>
<testsuite name="test.EmployeeControllerTest" tests="1" skipped="0" failures="0" errors="0" timestamp="2021-05-17T00:43:50" hostname="MAESTRO" time="0.594">
  <properties/>
  <testcase name="shouldReturnTrueBecauseEmployeeIsTheCurrentUser()" classname="test.EmployeeControllerTest" time="0.594"/>
  <system-out><![CDATA[]]></system-out>
  <system-err><![CDATA[]]></system-err>
</testsuite>
